# JRE version: OpenJDK Runtime Environment Corretto-16.0.2.7.1 (16.0.2+7) (build 16.0.2+7)
# Java VM: OpenJDK 64-Bit Server VM Corretto-16.0.2.7.1 (16.0.2+7, mixed mode, sharing, tiered, compressed oops, compressed class ptrs, g1 gc, windows-amd64)
GC Precious Log:
 CPUs: 2 total, 2 available
 Memory: 3500M
 Large Page Support: Disabled
 NUMA Support: Disabled
 Compressed Oops: Enabled (Zero based)
 Heap Region Size: 2M
 Heap Min Capacity: 8M
 Heap Initial Capacity: 56M
 Heap Max Capacity: 3G
 Pre-touch: Disabled
 Parallel Workers: 2
 Concurrent Workers: 1
 Concurrent Refinement Workers: 2
 Periodic GC: Disabled
Heap:
 garbage-first heap   total 358400K, used 183876K [0x0000000740000000, 0x0000000800000000)
  region size 2048K, 4 young (8192K), 4 survivors (8192K)
 Metaspace       used 68406K, committed 69056K, reserved 1114112K
  class space    used 8788K, committed 9088K, reserved 1048576K
GC Heap History (20 events):
Event: 86.024 GC heap after
{Heap after GC invocations=77 (full 0):
 garbage-first heap   total 219136K, used 121856K [0x0000000740000000, 0x0000000800000000)
  region size 2048K, 1 young (2048K), 1 survivors (2048K)
 Metaspace       used 65477K, committed 66112K, reserved 1114112K
  class space    used 8463K, committed 8768K, reserved 1048576K
}
Event: 86.461 GC heap before
{Heap before GC invocations=77 (full 0):
 garbage-first heap   total 219136K, used 128000K [0x0000000740000000, 0x0000000800000000)
  region size 2048K, 5 young (10240K), 1 survivors (2048K)
 Metaspace       used 65477K, committed 66112K, reserved 1114112K
  class space    used 8463K, committed 8768K, reserved 1048576K
}
Event: 86.468 GC heap after
{Heap after GC invocations=78 (full 0):
 garbage-first heap   total 219136K, used 99843K [0x0000000740000000, 0x0000000800000000)
  region size 2048K, 1 young (2048K), 1 survivors (2048K)
 Metaspace       used 65477K, committed 66112K, reserved 1114112K
  class space    used 8463K, committed 8768K, reserved 1048576K
}
Event: 95.182 GC heap before
{Heap before GC invocations=78 (full 0):
 garbage-first heap   total 219136K, used 112131K [0x0000000740000000, 0x0000000800000000)
  region size 2048K, 9 young (18432K), 1 survivors (2048K)
 Metaspace       used 65494K, committed 66112K, reserved 1114112K
  class space    used 8464K, committed 8768K, reserved 1048576K
}
Event: 95.185 GC heap after
{Heap after GC invocations=79 (full 0):
 garbage-first heap   total 219136K, used 97944K [0x0000000740000000, 0x0000000800000000)
  region size 2048K, 1 young (2048K), 1 survivors (2048K)
 Metaspace       used 65494K, committed 66112K, reserved 1114112K
  class space    used 8464K, committed 8768K, reserved 1048576K
}
Event: 95.249 GC heap before
{Heap before GC invocations=79 (full 0):
 garbage-first heap   total 219136K, used 108184K [0x0000000740000000, 0x0000000800000000)
  region size 2048K, 2 young (4096K), 1 survivors (2048K)
 Metaspace       used 65494K, committed 66112K, reserved 1114112K
  class space    used 8464K, committed 8768K, reserved 1048576K
}
Event: 95.252 GC heap after
{Heap after GC invocations=80 (full 0):
 garbage-first heap   total 219136K, used 97923K [0x0000000740000000, 0x0000000800000000)
  region size 2048K, 1 young (2048K), 1 survivors (2048K)
 Metaspace       used 65494K, committed 66112K, reserved 1114112K
  class space    used 8464K, committed 8768K, reserved 1048576K
}
Event: 95.281 GC heap before
{Heap before GC invocations=80 (full 0):
 garbage-first heap   total 219136K, used 108163K [0x0000000740000000, 0x0000000800000000)
  region size 2048K, 2 young (4096K), 1 survivors (2048K)
 Metaspace       used 65494K, committed 66112K, reserved 1114112K
  class space    used 8464K, committed 8768K, reserved 1048576K
}
Event: 95.284 GC heap after
{Heap after GC invocations=81 (full 0):
 garbage-first heap   total 219136K, used 97824K [0x0000000740000000, 0x0000000800000000)
  region size 2048K, 1 young (2048K), 1 survivors (2048K)
 Metaspace       used 65494K, committed 66112K, reserved 1114112K
  class space    used 8464K, committed 8768K, reserved 1048576K
}
Event: 95.328 GC heap before
{Heap before GC invocations=81 (full 0):
 garbage-first heap   total 219136K, used 108064K [0x0000000740000000, 0x0000000800000000)
  region size 2048K, 2 young (4096K), 1 survivors (2048K)
 Metaspace       used 65494K, committed 66112K, reserved 1114112K
  class space    used 8464K, committed 8768K, reserved 1048576K
}
Event: 95.331 GC heap after
{Heap after GC invocations=82 (full 0):
 garbage-first heap   total 354304K, used 97828K [0x0000000740000000, 0x0000000800000000)
  region size 2048K, 1 young (2048K), 1 survivors (2048K)
 Metaspace       used 65494K, committed 66112K, reserved 1114112K
  class space    used 8464K, committed 8768K, reserved 1048576K
}
Event: 134.434 GC heap before
{Heap before GC invocations=82 (full 0):
 garbage-first heap   total 354304K, used 325156K [0x0000000740000000, 0x0000000800000000)
  region size 2048K, 91 young (186368K), 1 survivors (2048K)
 Metaspace       used 68376K, committed 68992K, reserved 1114112K
  class space    used 8787K, committed 9088K, reserved 1048576K
}
Event: 134.794 GC heap after
{Heap after GC invocations=83 (full 0):
 garbage-first heap   total 358400K, used 143578K [0x0000000740000000, 0x0000000800000000)
  region size 2048K, 12 young (24576K), 12 survivors (24576K)
 Metaspace       used 68376K, committed 68992K, reserved 1114112K
  class space    used 8787K, committed 9088K, reserved 1048576K
}
Event: 138.378 GC heap before
{Heap before GC invocations=83 (full 0):
 garbage-first heap   total 358400K, used 278746K [0x0000000740000000, 0x0000000800000000)
  region size 2048K, 68 young (139264K), 12 survivors (24576K)
 Metaspace       used 68402K, committed 69056K, reserved 1114112K
  class space    used 8788K, committed 9088K, reserved 1048576K
}
Event: 138.976 GC heap after
{Heap after GC invocations=84 (full 0):
 garbage-first heap   total 358400K, used 159680K [0x0000000740000000, 0x0000000800000000)
  region size 2048K, 9 young (18432K), 9 survivors (18432K)
 Metaspace       used 68402K, committed 69056K, reserved 1114112K
  class space    used 8788K, committed 9088K, reserved 1048576K
}
Event: 138.988 GC heap before
{Heap before GC invocations=84 (full 0):
 garbage-first heap   total 358400K, used 165824K [0x0000000740000000, 0x0000000800000000)
  region size 2048K, 12 young (24576K), 9 survivors (18432K)
 Metaspace       used 68402K, committed 69056K, reserved 1114112K
  class space    used 8788K, committed 9088K, reserved 1048576K
}
Event: 139.257 GC heap after
{Heap after GC invocations=85 (full 0):
 garbage-first heap   total 358400K, used 162816K [0x0000000740000000, 0x0000000800000000)
  region size 2048K, 2 young (4096K), 2 survivors (4096K)
 Metaspace       used 68402K, committed 69056K, reserved 1114112K
  class space    used 8788K, committed 9088K, reserved 1048576K
}
Event: 139.909 GC heap before
{Heap before GC invocations=85 (full 0):
 garbage-first heap   total 358400K, used 207872K [0x0000000740000000, 0x0000000800000000)
  region size 2048K, 24 young (49152K), 2 survivors (4096K)
 Metaspace       used 68406K, committed 69056K, reserved 1114112K
  class space    used 8788K, committed 9088K, reserved 1048576K
}
Event: 139.942 GC heap after
{Heap after GC invocations=86 (full 0):
 garbage-first heap   total 358400K, used 172032K [0x0000000740000000, 0x0000000800000000)
  region size 2048K, 3 young (6144K), 3 survivors (6144K)
 Metaspace       used 68406K, committed 69056K, reserved 1114112K
  class space    used 8788K, committed 9088K, reserved 1048576K
}
Event: 139.985 GC heap before
{Heap before GC invocations=86 (full 0):
 garbage-first heap   total 358400K, used 221184K [0x0000000740000000, 0x0000000800000000)
  region size 2048K, 27 young (55296K), 3 survivors (6144K)
 Metaspace       used 68406K, committed 69056K, reserved 1114112K
  class space    used 8788K, committed 9088K, reserved 1048576K
}

